Build started 03.10.2015 12:01:13.
     1>Project "D:\Misha\Developing by myself\C++\Project2\Project2\Project2.vcxproj" on node 2 (Build target(s)).
     1>ClCompile:
         D:\Misha\Проги\VC\bin\CL.exe /c /ZI /nologo /W3 /WX- /sdl /Od /Oy- /D _MBCS /Gm /EHsc /RTC1 /MDd /GS /fp:precise /Zc:wchar_t /Zc:forScope /Fo"Debug\\" /Fd"Debug\vc120.pdb" /Gd /TP /analyze- /errorReport:prompt Source.cpp
         Source.cpp
     1>d:\misha\developing by myself\c++\project2\project2\source.cpp(42): error C2057: expected constant expression
     1>d:\misha\developing by myself\c++\project2\project2\source.cpp(42): error C2466: cannot allocate an array of constant size 0
     1>d:\misha\developing by myself\c++\project2\project2\source.cpp(42): error C2133: 'xx' : unknown size
     1>Done Building Project "D:\Misha\Developing by myself\C++\Project2\Project2\Project2.vcxproj" (Build target(s)) -- FAILED.

Build FAILED.

Time Elapsed 00:00:00.99
